# JRE version: Java(TM) SE Runtime Environment (8.0_66-b18) (build 1.8.0_66-b18)
# Java VM: Java HotSpot(TM) 64-Bit Server VM (25.66-b18 mixed mode windows-amd64 compressed oops)
Heap:
 PSYoungGen      total 60928K, used 48441K [0x00000000f5580000, 0x00000000fa680000, 0x0000000100000000)
  eden space 57344K, 78% used [0x00000000f5580000,0x00000000f8196348,0x00000000f8d80000)
  from space 3584K, 91% used [0x00000000f8e80000,0x00000000f91b8498,0x00000000f9200000)
  to   space 12800K, 0% used [0x00000000f9a00000,0x00000000f9a00000,0x00000000fa680000)
 ParOldGen       total 117760K, used 61110K [0x00000000e0000000, 0x00000000e7300000, 0x00000000f5580000)
  object space 117760K, 51% used [0x00000000e0000000,0x00000000e3bad960,0x00000000e7300000)
 Metaspace       used 104384K, capacity 111962K, committed 112280K, reserved 1146880K
  class space    used 12577K, capacity 14907K, committed 15016K, reserved 1048576K
GC Heap History (10 events):
Event: 6775.369 GC heap before
{Heap before GC invocations=75 (full 23):
 PSYoungGen      total 67584K, used 67219K [0x00000000f5580000, 0x00000000fa880000, 0x0000000100000000)
  eden space 60416K, 99% used [0x00000000f5580000,0x00000000f90696e0,0x00000000f9080000)
  from space 7168K, 96% used [0x00000000f9180000,0x00000000f983b738,0x00000000f9880000)
  to   space 12288K, 0% used [0x00000000f9c80000,0x00000000f9c80000,0x00000000fa880000)
 ParOldGen       total 117760K, used 59963K [0x00000000e0000000, 0x00000000e7300000, 0x00000000f5580000)
  object space 117760K, 50% used [0x00000000e0000000,0x00000000e3a8eee0,0x00000000e7300000)
 Metaspace       used 103407K, capacity 110910K, committed 111128K, reserved 1144832K
  class space    used 12470K, capacity 14775K, committed 14888K, reserved 1048576K
Event: 6775.378 GC heap after
Heap after GC invocations=75 (full 23):
 PSYoungGen      total 71680K, used 8180K [0x00000000f5580000, 0x00000000fa880000, 0x0000000100000000)
  eden space 59392K, 0% used [0x00000000f5580000,0x00000000f5580000,0x00000000f8f80000)
  from space 12288K, 66% used [0x00000000f9c80000,0x00000000fa47d2c0,0x00000000fa880000)
  to   space 12800K, 0% used [0x00000000f8f80000,0x00000000f8f80000,0x00000000f9c00000)
 ParOldGen       total 117760K, used 59971K [0x00000000e0000000, 0x00000000e7300000, 0x00000000f5580000)
  object space 117760K, 50% used [0x00000000e0000000,0x00000000e3a90ee0,0x00000000e7300000)
 Metaspace       used 103407K, capacity 110910K, committed 111128K, reserved 1144832K
  class space    used 12470K, capacity 14775K, committed 14888K, reserved 1048576K
}
Event: 6775.380 GC heap before
{Heap before GC invocations=76 (full 23):
 PSYoungGen      total 71680K, used 9106K [0x00000000f5580000, 0x00000000fa880000, 0x0000000100000000)
  eden space 59392K, 1% used [0x00000000f5580000,0x00000000f5667590,0x00000000f8f80000)
  from space 12288K, 66% used [0x00000000f9c80000,0x00000000fa47d2c0,0x00000000fa880000)
  to   space 12800K, 0% used [0x00000000f8f80000,0x00000000f8f80000,0x00000000f9c00000)
 ParOldGen       total 117760K, used 59971K [0x00000000e0000000, 0x00000000e7300000, 0x00000000f5580000)
  object space 117760K, 50% used [0x00000000e0000000,0x00000000e3a90ee0,0x00000000e7300000)
 Metaspace       used 103407K, capacity 110910K, committed 111128K, reserved 1144832K
  class space    used 12470K, capacity 14775K, committed 14888K, reserved 1048576K
Event: 6775.387 GC heap after
Heap after GC invocations=76 (full 23):
 PSYoungGen      total 72192K, used 8215K [0x00000000f5580000, 0x00000000fa880000, 0x0000000100000000)
  eden space 59392K, 0% used [0x00000000f5580000,0x00000000f5580000,0x00000000f8f80000)
  from space 12800K, 64% used [0x00000000f8f80000,0x00000000f9785ec0,0x00000000f9c00000)
  to   space 12800K, 0% used [0x00000000f9c00000,0x00000000f9c00000,0x00000000fa880000)
 ParOldGen       total 117760K, used 59979K [0x00000000e0000000, 0x00000000e7300000, 0x00000000f5580000)
  object space 117760K, 50% used [0x00000000e0000000,0x00000000e3a92ee0,0x00000000e7300000)
 Metaspace       used 103407K, capacity 110910K, committed 111128K, reserved 1144832K
  class space    used 12470K, capacity 14775K, committed 14888K, reserved 1048576K
}
Event: 6775.388 GC heap before
{Heap before GC invocations=77 (full 24):
 PSYoungGen      total 72192K, used 8215K [0x00000000f5580000, 0x00000000fa880000, 0x0000000100000000)
  eden space 59392K, 0% used [0x00000000f5580000,0x00000000f5580000,0x00000000f8f80000)
  from space 12800K, 64% used [0x00000000f8f80000,0x00000000f9785ec0,0x00000000f9c00000)
  to   space 12800K, 0% used [0x00000000f9c00000,0x00000000f9c00000,0x00000000fa880000)
 ParOldGen       total 117760K, used 59979K [0x00000000e0000000, 0x00000000e7300000, 0x00000000f5580000)
  object space 117760K, 50% used [0x00000000e0000000,0x00000000e3a92ee0,0x00000000e7300000)
 Metaspace       used 103407K, capacity 110910K, committed 111128K, reserved 1144832K
  class space    used 12470K, capacity 14775K, committed 14888K, reserved 1048576K
Event: 6775.761 GC heap after
Heap after GC invocations=77 (full 24):
 PSYoungGen      total 72192K, used 0K [0x00000000f5580000, 0x00000000fa880000, 0x0000000100000000)
  eden space 59392K, 0% used [0x00000000f5580000,0x00000000f5580000,0x00000000f8f80000)
  from space 12800K, 0% used [0x00000000f8f80000,0x00000000f8f80000,0x00000000f9c00000)
  to   space 12800K, 0% used [0x00000000f9c00000,0x00000000f9c00000,0x00000000fa880000)
 ParOldGen       total 117760K, used 61094K [0x00000000e0000000, 0x00000000e7300000, 0x00000000f5580000)
  object space 117760K, 51% used [0x00000000e0000000,0x00000000e3ba9960,0x00000000e7300000)
 Metaspace       used 103388K, capacity 110880K, committed 111128K, reserved 1144832K
  class space    used 12467K, capacity 14770K, committed 14888K, reserved 1048576K
}
Event: 6950.810 GC heap before
{Heap before GC invocations=78 (full 24):
 PSYoungGen      total 72192K, used 59392K [0x00000000f5580000, 0x00000000fa880000, 0x0000000100000000)
  eden space 59392K, 100% used [0x00000000f5580000,0x00000000f8f80000,0x00000000f8f80000)
  from space 12800K, 0% used [0x00000000f8f80000,0x00000000f8f80000,0x00000000f9c00000)
  to   space 12800K, 0% used [0x00000000f9c00000,0x00000000f9c00000,0x00000000fa880000)
 ParOldGen       total 117760K, used 61094K [0x00000000e0000000, 0x00000000e7300000, 0x00000000f5580000)
  object space 117760K, 51% used [0x00000000e0000000,0x00000000e3ba9960,0x00000000e7300000)
 Metaspace       used 103445K, capacity 110944K, committed 111384K, reserved 1146880K
  class space    used 12468K, capacity 14770K, committed 14888K, reserved 1048576K
Event: 6950.815 GC heap after
Heap after GC invocations=78 (full 24):
 PSYoungGen      total 70144K, used 2846K [0x00000000f5580000, 0x00000000fa780000, 0x0000000100000000)
  eden space 58368K, 0% used [0x00000000f5580000,0x00000000f5580000,0x00000000f8e80000)
  from space 11776K, 24% used [0x00000000f9c00000,0x00000000f9ec78d0,0x00000000fa780000)
  to   space 12800K, 0% used [0x00000000f8e80000,0x00000000f8e80000,0x00000000f9b00000)
 ParOldGen       total 117760K, used 61102K [0x00000000e0000000, 0x00000000e7300000, 0x00000000f5580000)
  object space 117760K, 51% used [0x00000000e0000000,0x00000000e3bab960,0x00000000e7300000)
 Metaspace       used 103445K, capacity 110944K, committed 111384K, reserved 1146880K
  class space    used 12468K, capacity 14770K, committed 14888K, reserved 1048576K
}
Event: 7067.081 GC heap before
{Heap before GC invocations=79 (full 24):
 PSYoungGen      total 70144K, used 61214K [0x00000000f5580000, 0x00000000fa780000, 0x0000000100000000)
  eden space 58368K, 100% used [0x00000000f5580000,0x00000000f8e80000,0x00000000f8e80000)
  from space 11776K, 24% used [0x00000000f9c00000,0x00000000f9ec78d0,0x00000000fa780000)
  to   space 12800K, 0% used [0x00000000f8e80000,0x00000000f8e80000,0x00000000f9b00000)
 ParOldGen       total 117760K, used 61102K [0x00000000e0000000, 0x00000000e7300000, 0x00000000f5580000)
  object space 117760K, 51% used [0x00000000e0000000,0x00000000e3bab960,0x00000000e7300000)
 Metaspace       used 103761K, capacity 111206K, committed 111640K, reserved 1146880K
  class space    used 12508K, capacity 14771K, committed 14888K, reserved 1048576K
Event: 7067.088 GC heap after
Heap after GC invocations=79 (full 24):
 PSYoungGen      total 60928K, used 3297K [0x00000000f5580000, 0x00000000fa680000, 0x0000000100000000)
  eden space 57344K, 0% used [0x00000000f5580000,0x00000000f5580000,0x00000000f8d80000)
  from space 3584K, 91% used [0x00000000f8e80000,0x00000000f91b8498,0x00000000f9200000)
  to   space 12800K, 0% used [0x00000000f9a00000,0x00000000f9a00000,0x00000000fa680000)
 ParOldGen       total 117760K, used 61110K [0x00000000e0000000, 0x00000000e7300000, 0x00000000f5580000)
  object space 117760K, 51% used [0x00000000e0000000,0x00000000e3bad960,0x00000000e7300000)
 Metaspace       used 103761K, capacity 111206K, committed 111640K, reserved 1146880K
  class space    used 12508K, capacity 14771K, committed 14888K, reserved 1048576K
}

