# JRE version: Java(TM) SE Runtime Environment (8.0_66-b18) (build 1.8.0_66-b18)
# Java VM: Java HotSpot(TM) 64-Bit Server VM (25.66-b18 mixed mode windows-amd64 compressed oops)
Heap:
 PSYoungGen      total 120320K, used 16531K [0x00000000f5580000, 0x00000000fea00000, 0x0000000100000000)
  eden space 95744K, 13% used [0x00000000f5580000,0x00000000f627c3f8,0x00000000fb300000)
  from space 24576K, 13% used [0x00000000fd200000,0x00000000fd528ab8,0x00000000fea00000)
  to   space 28160K, 0% used [0x00000000fb300000,0x00000000fb300000,0x00000000fce80000)
 ParOldGen       total 95232K, used 61857K [0x00000000e0000000, 0x00000000e5d00000, 0x00000000f5580000)
  object space 95232K, 64% used [0x00000000e0000000,0x00000000e3c68618,0x00000000e5d00000)
 Metaspace       used 98622K, capacity 105934K, committed 106200K, reserved 1140736K
  class space    used 11740K, capacity 14068K, committed 14080K, reserved 1048576K
GC Heap History (10 events):
Event: 607.866 GC heap before
{Heap before GC invocations=28 (full 6):
 PSYoungGen      total 133120K, used 14498K [0x00000000f5580000, 0x00000000ff580000, 0x0000000100000000)
  eden space 105472K, 0% used [0x00000000f5580000,0x00000000f5580000,0x00000000fbc80000)
  from space 27648K, 52% used [0x00000000fda80000,0x00000000fe8a8a70,0x00000000ff580000)
  to   space 29184K, 0% used [0x00000000fbc80000,0x00000000fbc80000,0x00000000fd900000)
 ParOldGen       total 95232K, used 57525K [0x00000000e0000000, 0x00000000e5d00000, 0x00000000f5580000)
  object space 95232K, 60% used [0x00000000e0000000,0x00000000e382d4b0,0x00000000e5d00000)
 Metaspace       used 96026K, capacity 103530K, committed 103768K, reserved 1138688K
  class space    used 11465K, capacity 13688K, committed 13696K, reserved 1048576K
Event: 608.170 GC heap after
Heap after GC invocations=28 (full 6):
 PSYoungGen      total 133120K, used 0K [0x00000000f5580000, 0x00000000ff580000, 0x0000000100000000)
  eden space 105472K, 0% used [0x00000000f5580000,0x00000000f5580000,0x00000000fbc80000)
  from space 27648K, 0% used [0x00000000fda80000,0x00000000fda80000,0x00000000ff580000)
  to   space 29184K, 0% used [0x00000000fbc80000,0x00000000fbc80000,0x00000000fd900000)
 ParOldGen       total 95232K, used 61825K [0x00000000e0000000, 0x00000000e5d00000, 0x00000000f5580000)
  object space 95232K, 64% used [0x00000000e0000000,0x00000000e3c60618,0x00000000e5d00000)
 Metaspace       used 95988K, capacity 103466K, committed 103768K, reserved 1138688K
  class space    used 11458K, capacity 13674K, committed 13696K, reserved 1048576K
}
Event: 774.449 GC heap before
{Heap before GC invocations=29 (full 6):
 PSYoungGen      total 133120K, used 105472K [0x00000000f5580000, 0x00000000ff580000, 0x0000000100000000)
  eden space 105472K, 100% used [0x00000000f5580000,0x00000000fbc80000,0x00000000fbc80000)
  from space 27648K, 0% used [0x00000000fda80000,0x00000000fda80000,0x00000000ff580000)
  to   space 29184K, 0% used [0x00000000fbc80000,0x00000000fbc80000,0x00000000fd900000)
 ParOldGen       total 95232K, used 61825K [0x00000000e0000000, 0x00000000e5d00000, 0x00000000f5580000)
  object space 95232K, 64% used [0x00000000e0000000,0x00000000e3c60618,0x00000000e5d00000)
 Metaspace       used 96842K, capacity 104042K, committed 104408K, reserved 1140736K
  class space    used 11585K, capacity 13802K, committed 13824K, reserved 1048576K
Event: 774.454 GC heap after
Heap after GC invocations=29 (full 6):
 PSYoungGen      total 134656K, used 2684K [0x00000000f5580000, 0x00000000ffa80000, 0x0000000100000000)
  eden space 105472K, 0% used [0x00000000f5580000,0x00000000f5580000,0x00000000fbc80000)
  from space 29184K, 9% used [0x00000000fbc80000,0x00000000fbf1f310,0x00000000fd900000)
  to   space 29696K, 0% used [0x00000000fdd80000,0x00000000fdd80000,0x00000000ffa80000)
 ParOldGen       total 95232K, used 61833K [0x00000000e0000000, 0x00000000e5d00000, 0x00000000f5580000)
  object space 95232K, 64% used [0x00000000e0000000,0x00000000e3c62618,0x00000000e5d00000)
 Metaspace       used 96842K, capacity 104042K, committed 104408K, reserved 1140736K
  class space    used 11585K, capacity 13802K, committed 13824K, reserved 1048576K
}
Event: 1070.603 GC heap before
{Heap before GC invocations=30 (full 6):
 PSYoungGen      total 134656K, used 108156K [0x00000000f5580000, 0x00000000ffa80000, 0x0000000100000000)
  eden space 105472K, 100% used [0x00000000f5580000,0x00000000fbc80000,0x00000000fbc80000)
  from space 29184K, 9% used [0x00000000fbc80000,0x00000000fbf1f310,0x00000000fd900000)
  to   space 29696K, 0% used [0x00000000fdd80000,0x00000000fdd80000,0x00000000ffa80000)
 ParOldGen       total 95232K, used 61833K [0x00000000e0000000, 0x00000000e5d00000, 0x00000000f5580000)
  object space 95232K, 64% used [0x00000000e0000000,0x00000000e3c62618,0x00000000e5d00000)
 Metaspace       used 97323K, capacity 104654K, committed 105048K, reserved 1140736K
  class space    used 11610K, capacity 13834K, committed 13952K, reserved 1048576K
Event: 1070.610 GC heap after
Heap after GC invocations=30 (full 6):
 PSYoungGen      total 122880K, used 3938K [0x00000000f5580000, 0x00000000ff200000, 0x0000000100000000)
  eden space 101888K, 0% used [0x00000000f5580000,0x00000000f5580000,0x00000000fb900000)
  from space 20992K, 18% used [0x00000000fdd80000,0x00000000fe1589f8,0x00000000ff200000)
  to   space 29184K, 0% used [0x00000000fb900000,0x00000000fb900000,0x00000000fd580000)
 ParOldGen       total 95232K, used 61841K [0x00000000e0000000, 0x00000000e5d00000, 0x00000000f5580000)
  object space 95232K, 64% used [0x00000000e0000000,0x00000000e3c64618,0x00000000e5d00000)
 Metaspace       used 97323K, capacity 104654K, committed 105048K, reserved 1140736K
  class space    used 11610K, capacity 13834K, committed 13952K, reserved 1048576K
}
Event: 1229.702 GC heap before
{Heap before GC invocations=31 (full 6):
 PSYoungGen      total 122880K, used 105826K [0x00000000f5580000, 0x00000000ff200000, 0x0000000100000000)
  eden space 101888K, 100% used [0x00000000f5580000,0x00000000fb900000,0x00000000fb900000)
  from space 20992K, 18% used [0x00000000fdd80000,0x00000000fe1589f8,0x00000000ff200000)
  to   space 29184K, 0% used [0x00000000fb900000,0x00000000fb900000,0x00000000fd580000)
 ParOldGen       total 95232K, used 61841K [0x00000000e0000000, 0x00000000e5d00000, 0x00000000f5580000)
  object space 95232K, 64% used [0x00000000e0000000,0x00000000e3c64618,0x00000000e5d00000)
 Metaspace       used 97675K, capacity 105152K, committed 105560K, reserved 1140736K
  class space    used 11642K, capacity 13875K, committed 13952K, reserved 1048576K
Event: 1229.709 GC heap after
Heap after GC invocations=31 (full 6):
 PSYoungGen      total 103424K, used 4339K [0x00000000f5580000, 0x00000000fee00000, 0x0000000100000000)
  eden space 98816K, 0% used [0x00000000f5580000,0x00000000f5580000,0x00000000fb600000)
  from space 4608K, 94% used [0x00000000fb900000,0x00000000fbd3cf78,0x00000000fbd80000)
  to   space 28672K, 0% used [0x00000000fd200000,0x00000000fd200000,0x00000000fee00000)
 ParOldGen       total 95232K, used 61849K [0x00000000e0000000, 0x00000000e5d00000, 0x00000000f5580000)
  object space 95232K, 64% used [0x00000000e0000000,0x00000000e3c66618,0x00000000e5d00000)
 Metaspace       used 97675K, capacity 105152K, committed 105560K, reserved 1140736K
  class space    used 11642K, capacity 13875K, committed 13952K, reserved 1048576K
}
Event: 1321.217 GC heap before
{Heap before GC invocations=32 (full 6):
 PSYoungGen      total 103424K, used 103155K [0x00000000f5580000, 0x00000000fee00000, 0x0000000100000000)
  eden space 98816K, 100% used [0x00000000f5580000,0x00000000fb600000,0x00000000fb600000)
  from space 4608K, 94% used [0x00000000fb900000,0x00000000fbd3cf78,0x00000000fbd80000)
  to   space 28672K, 0% used [0x00000000fd200000,0x00000000fd200000,0x00000000fee00000)
 ParOldGen       total 95232K, used 61849K [0x00000000e0000000, 0x00000000e5d00000, 0x00000000f5580000)
  object space 95232K, 64% used [0x00000000e0000000,0x00000000e3c66618,0x00000000e5d00000)
 Metaspace       used 98264K, capacity 105638K, committed 105944K, reserved 1140736K
  class space    used 11701K, capacity 13972K, committed 14080K, reserved 1048576K
Event: 1321.226 GC heap after
Heap after GC invocations=32 (full 6):
 PSYoungGen      total 120320K, used 3234K [0x00000000f5580000, 0x00000000fea00000, 0x0000000100000000)
  eden space 95744K, 0% used [0x00000000f5580000,0x00000000f5580000,0x00000000fb300000)
  from space 24576K, 13% used [0x00000000fd200000,0x00000000fd528ab8,0x00000000fea00000)
  to   space 28160K, 0% used [0x00000000fb300000,0x00000000fb300000,0x00000000fce80000)
 ParOldGen       total 95232K, used 61857K [0x00000000e0000000, 0x00000000e5d00000, 0x00000000f5580000)
  object space 95232K, 64% used [0x00000000e0000000,0x00000000e3c68618,0x00000000e5d00000)
 Metaspace       used 98264K, capacity 105638K, committed 105944K, reserved 1140736K
  class space    used 11701K, capacity 13972K, committed 14080K, reserved 1048576K
}

