# JRE version: Java(TM) SE Runtime Environment (8.0_66-b18) (build 1.8.0_66-b18)
# Java VM: Java HotSpot(TM) 64-Bit Server VM (25.66-b18 mixed mode windows-amd64 compressed oops)
Heap:
 PSYoungGen      total 142336K, used 109971K [0x00000000f5580000, 0x00000000ff380000, 0x0000000100000000)
  eden space 124416K, 86% used [0x00000000f5580000,0x00000000fbe26b58,0x00000000fcf00000)
  from space 17920K, 15% used [0x00000000fcf00000,0x00000000fd1be150,0x00000000fe080000)
  to   space 17408K, 0% used [0x00000000fe280000,0x00000000fe280000,0x00000000ff380000)
 ParOldGen       total 98304K, used 64353K [0x00000000e0000000, 0x00000000e6000000, 0x00000000f5580000)
  object space 98304K, 65% used [0x00000000e0000000,0x00000000e3ed8720,0x00000000e6000000)
 Metaspace       used 103028K, capacity 110634K, committed 110744K, reserved 1144832K
  class space    used 12374K, capacity 14696K, committed 14760K, reserved 1048576K
GC Heap History (10 events):
Event: 819.576 GC heap before
{Heap before GC invocations=46 (full 16):
 PSYoungGen      total 139264K, used 5342K [0x00000000f5580000, 0x00000000ff280000, 0x0000000100000000)
  eden space 120832K, 0% used [0x00000000f5580000,0x00000000f5580000,0x00000000fcb80000)
  from space 18432K, 28% used [0x00000000fe080000,0x00000000fe5b7a28,0x00000000ff280000)
  to   space 19968K, 0% used [0x00000000fcb80000,0x00000000fcb80000,0x00000000fdf00000)
 ParOldGen       total 98304K, used 57875K [0x00000000e0000000, 0x00000000e6000000, 0x00000000f5580000)
  object space 98304K, 58% used [0x00000000e0000000,0x00000000e3884f80,0x00000000e6000000)
 Metaspace       used 98433K, capacity 105994K, committed 106136K, reserved 1140736K
  class space    used 11751K, capacity 13931K, committed 13992K, reserved 1048576K
Event: 820.067 GC heap after
Heap after GC invocations=46 (full 16):
 PSYoungGen      total 139264K, used 0K [0x00000000f5580000, 0x00000000ff280000, 0x0000000100000000)
  eden space 120832K, 0% used [0x00000000f5580000,0x00000000f5580000,0x00000000fcb80000)
  from space 18432K, 0% used [0x00000000fe080000,0x00000000fe080000,0x00000000ff280000)
  to   space 19968K, 0% used [0x00000000fcb80000,0x00000000fcb80000,0x00000000fdf00000)
 ParOldGen       total 98304K, used 61549K [0x00000000e0000000, 0x00000000e6000000, 0x00000000f5580000)
  object space 98304K, 62% used [0x00000000e0000000,0x00000000e3c1b5f0,0x00000000e6000000)
 Metaspace       used 98433K, capacity 105994K, committed 106136K, reserved 1140736K
  class space    used 11751K, capacity 13931K, committed 13992K, reserved 1048576K
}
Event: 878.203 GC heap before
{Heap before GC invocations=47 (full 16):
 PSYoungGen      total 139264K, used 120832K [0x00000000f5580000, 0x00000000ff280000, 0x0000000100000000)
  eden space 120832K, 100% used [0x00000000f5580000,0x00000000fcb80000,0x00000000fcb80000)
  from space 18432K, 0% used [0x00000000fe080000,0x00000000fe080000,0x00000000ff280000)
  to   space 19968K, 0% used [0x00000000fcb80000,0x00000000fcb80000,0x00000000fdf00000)
 ParOldGen       total 98304K, used 61549K [0x00000000e0000000, 0x00000000e6000000, 0x00000000f5580000)
  object space 98304K, 62% used [0x00000000e0000000,0x00000000e3c1b5f0,0x00000000e6000000)
 Metaspace       used 101651K, capacity 109484K, committed 109592K, reserved 1144832K
  class space    used 12235K, capacity 14559K, committed 14632K, reserved 1048576K
Event: 878.211 GC heap after
Heap after GC invocations=47 (full 16):
 PSYoungGen      total 140800K, used 7049K [0x00000000f5580000, 0x00000000ff400000, 0x0000000100000000)
  eden space 120832K, 0% used [0x00000000f5580000,0x00000000f5580000,0x00000000fcb80000)
  from space 19968K, 35% used [0x00000000fcb80000,0x00000000fd2627c0,0x00000000fdf00000)
  to   space 18944K, 0% used [0x00000000fe180000,0x00000000fe180000,0x00000000ff400000)
 ParOldGen       total 98304K, used 61557K [0x00000000e0000000, 0x00000000e6000000, 0x00000000f5580000)
  object space 98304K, 62% used [0x00000000e0000000,0x00000000e3c1d5f0,0x00000000e6000000)
 Metaspace       used 101651K, capacity 109484K, committed 109592K, reserved 1144832K
  class space    used 12235K, capacity 14559K, committed 14632K, reserved 1048576K
}
Event: 878.213 GC heap before
{Heap before GC invocations=48 (full 16):
 PSYoungGen      total 140800K, used 8641K [0x00000000f5580000, 0x00000000ff400000, 0x0000000100000000)
  eden space 120832K, 1% used [0x00000000f5580000,0x00000000f570df58,0x00000000fcb80000)
  from space 19968K, 35% used [0x00000000fcb80000,0x00000000fd2627c0,0x00000000fdf00000)
  to   space 18944K, 0% used [0x00000000fe180000,0x00000000fe180000,0x00000000ff400000)
 ParOldGen       total 98304K, used 61557K [0x00000000e0000000, 0x00000000e6000000, 0x00000000f5580000)
  object space 98304K, 62% used [0x00000000e0000000,0x00000000e3c1d5f0,0x00000000e6000000)
 Metaspace       used 101651K, capacity 109484K, committed 109592K, reserved 1144832K
  class space    used 12235K, capacity 14559K, committed 14632K, reserved 1048576K
Event: 878.219 GC heap after
Heap after GC invocations=48 (full 16):
 PSYoungGen      total 141312K, used 4672K [0x00000000f5580000, 0x00000000ff200000, 0x0000000100000000)
  eden space 124416K, 0% used [0x00000000f5580000,0x00000000f5580000,0x00000000fcf00000)
  from space 16896K, 27% used [0x00000000fe180000,0x00000000fe6103a0,0x00000000ff200000)
  to   space 17920K, 0% used [0x00000000fcf00000,0x00000000fcf00000,0x00000000fe080000)
 ParOldGen       total 98304K, used 61565K [0x00000000e0000000, 0x00000000e6000000, 0x00000000f5580000)
  object space 98304K, 62% used [0x00000000e0000000,0x00000000e3c1f5f0,0x00000000e6000000)
 Metaspace       used 101651K, capacity 109484K, committed 109592K, reserved 1144832K
  class space    used 12235K, capacity 14559K, committed 14632K, reserved 1048576K
}
Event: 878.219 GC heap before
{Heap before GC invocations=49 (full 17):
 PSYoungGen      total 141312K, used 4672K [0x00000000f5580000, 0x00000000ff200000, 0x0000000100000000)
  eden space 124416K, 0% used [0x00000000f5580000,0x00000000f5580000,0x00000000fcf00000)
  from space 16896K, 27% used [0x00000000fe180000,0x00000000fe6103a0,0x00000000ff200000)
  to   space 17920K, 0% used [0x00000000fcf00000,0x00000000fcf00000,0x00000000fe080000)
 ParOldGen       total 98304K, used 61565K [0x00000000e0000000, 0x00000000e6000000, 0x00000000f5580000)
  object space 98304K, 62% used [0x00000000e0000000,0x00000000e3c1f5f0,0x00000000e6000000)
 Metaspace       used 101651K, capacity 109484K, committed 109592K, reserved 1144832K
  class space    used 12235K, capacity 14559K, committed 14632K, reserved 1048576K
Event: 878.674 GC heap after
Heap after GC invocations=49 (full 17):
 PSYoungGen      total 141312K, used 0K [0x00000000f5580000, 0x00000000ff200000, 0x0000000100000000)
  eden space 124416K, 0% used [0x00000000f5580000,0x00000000f5580000,0x00000000fcf00000)
  from space 16896K, 0% used [0x00000000fe180000,0x00000000fe180000,0x00000000ff200000)
  to   space 17920K, 0% used [0x00000000fcf00000,0x00000000fcf00000,0x00000000fe080000)
 ParOldGen       total 98304K, used 64345K [0x00000000e0000000, 0x00000000e6000000, 0x00000000f5580000)
  object space 98304K, 65% used [0x00000000e0000000,0x00000000e3ed6720,0x00000000e6000000)
 Metaspace       used 101651K, capacity 109484K, committed 109592K, reserved 1144832K
  class space    used 12235K, capacity 14559K, committed 14632K, reserved 1048576K
}
Event: 925.035 GC heap before
{Heap before GC invocations=50 (full 17):
 PSYoungGen      total 141312K, used 124416K [0x00000000f5580000, 0x00000000ff200000, 0x0000000100000000)
  eden space 124416K, 100% used [0x00000000f5580000,0x00000000fcf00000,0x00000000fcf00000)
  from space 16896K, 0% used [0x00000000fe180000,0x00000000fe180000,0x00000000ff200000)
  to   space 17920K, 0% used [0x00000000fcf00000,0x00000000fcf00000,0x00000000fe080000)
 ParOldGen       total 98304K, used 64345K [0x00000000e0000000, 0x00000000e6000000, 0x00000000f5580000)
  object space 98304K, 65% used [0x00000000e0000000,0x00000000e3ed6720,0x00000000e6000000)
 Metaspace       used 101979K, capacity 109740K, committed 109848K, reserved 1144832K
  class space    used 12264K, capacity 14559K, committed 14632K, reserved 1048576K
Event: 925.043 GC heap after
Heap after GC invocations=50 (full 17):
 PSYoungGen      total 142336K, used 2808K [0x00000000f5580000, 0x00000000ff380000, 0x0000000100000000)
  eden space 124416K, 0% used [0x00000000f5580000,0x00000000f5580000,0x00000000fcf00000)
  from space 17920K, 15% used [0x00000000fcf00000,0x00000000fd1be150,0x00000000fe080000)
  to   space 17408K, 0% used [0x00000000fe280000,0x00000000fe280000,0x00000000ff380000)
 ParOldGen       total 98304K, used 64353K [0x00000000e0000000, 0x00000000e6000000, 0x00000000f5580000)
  object space 98304K, 65% used [0x00000000e0000000,0x00000000e3ed8720,0x00000000e6000000)
 Metaspace       used 101979K, capacity 109740K, committed 109848K, reserved 1144832K
  class space    used 12264K, capacity 14559K, committed 14632K, reserved 1048576K
}

